<?xml version="1.0" encoding="UTF-8"?>
<!-- Generated by org.testng.reporters.JUnitReportReporter -->
<testsuite hostname="DESKTOP-F94B67V" name="com.learnautomation.testcases.LoginTestCRM" tests="1" failures="0" timestamp="14 Nov 2019 16:38:15 GMT" time="19.526" errors="0">
  <testcase name="loginApp" time="19.526" classname="com.learnautomation.testcases.LoginTestCRM"/>
</testsuite> <!-- com.learnautomation.testcases.LoginTestCRM -->
